d:\my school\gbc\instructor notes\game1017 - game fundamentals ii\examples\game1017_w09_vector2d\game1017_template_w01\debug\vc141.pdb
d:\_\game1017_w09_vector2d\game1017_template_w01\debug\vc141.pdb
d:\_\game1017_w09_vector2d\game1017_template_w01\debug\vc141.idb
d:\_\game1017_w09_vector2d\game1017_template_w01\debug\main.obj
d:\_\game1017_w09_vector2d\game1017_template_w01\debug\engine.obj
d:\_\game1017_w09_vector2d\game1017_template_w01\debug\box.obj
d:\_\game1017_w09_vector2d\game1017_template_w01\debug\vc142.pdb
d:\_\game1017_w09_vector2d\game1017_template_w01\debug\vc142.idb
d:\my school\gbc\instructor notes\game1017 - game fundamentals ii\examples\game1017_w09_vector2d\debug\game1017_template_w01.exe
d:\my school\gbc\instructor notes\game1017 - game fundamentals ii\examples\game1017_w09_vector2d\debug\game1017_template_w01.ilk
d:\my school\gbc\instructor notes\game1017 - game fundamentals ii\examples\game1017_w09_vector2d\debug\game1017_template_w01.pdb
d:\_\game1017_w09_vector2d\debug\game1017_template_w01.exe
d:\_\game1017_w09_vector2d\debug\game1017_template_w01.ilk
d:\_\game1017_w09_vector2d\debug\game1017_template_w01.pdb
d:\_\__sdl projects\game1017\game1017_w10_scrollingbg_start\game1017_template_w01\debug\box.obj
d:\_\__sdl projects\game1017\game1017_w10_scrollingbg_start\game1017_template_w01\debug\engine.obj
d:\_\__sdl projects\game1017\game1017_w10_scrollingbg_start\game1017_template_w01\debug\main.obj
d:\_\__sdl projects\game1017\game1017_w10_scrollingbg_start\game1017_template_w01\debug\vc141.idb
d:\_\__sdl projects\game1017\game1017_w10_scrollingbg_start\game1017_template_w01\debug\vc142.idb
d:\_\__sdl projects\game1017\game1017_w10_scrollingbg_start\game1017_template_w01\debug\vc141.pdb
d:\_\__sdl projects\game1017\game1017_w10_scrollingbg_start\game1017_template_w01\debug\vc142.pdb
d:\_\__sdl projects\game1017\game1017_w10_scrollingbg_start\debug\game1017_template_w01.pdb
d:\_\__sdl projects\game1017\game1017_w10_scrollingbg_start\debug\game1017_template_w01.exe
d:\_\__sdl projects\game1017\game1017_w10_scrollingbg_start\debug\game1017_template_w01.ilk
d:\_\__sdl projects\game1017\game1017_w10_scrollingbg_start\game1017_template_w01\debug\game1017.2745dd34.tlog\cl.command.1.tlog
d:\_\__sdl projects\game1017\game1017_w10_scrollingbg_start\game1017_template_w01\debug\game1017.2745dd34.tlog\cl.read.1.tlog
d:\_\__sdl projects\game1017\game1017_w10_scrollingbg_start\game1017_template_w01\debug\game1017.2745dd34.tlog\cl.write.1.tlog
d:\_\__sdl projects\game1017\game1017_w10_scrollingbg_start\game1017_template_w01\debug\game1017.2745dd34.tlog\link.command.1.tlog
d:\_\__sdl projects\game1017\game1017_w10_scrollingbg_start\game1017_template_w01\debug\game1017.2745dd34.tlog\link.read.1.tlog
d:\_\__sdl projects\game1017\game1017_w10_scrollingbg_start\game1017_template_w01\debug\game1017.2745dd34.tlog\link.write.1.tlog
